<?xml version="1.0" encoding="UTF-8"?>
<testsuite xmlns:xsi="http://www.w3.org/2001/XMLSchema-instance" xsi:noNamespaceSchemaLocation="https://maven.apache.org/surefire/maven-surefire-plugin/xsd/surefire-test-report.xsd" name="MyTest" time="0.247" tests="1" errors="1" skipped="0" failures="0">
  <properties>
[...]
</properties>
  <testcase name="MyTest" classname="MyTest" time="0.244">
    <error type="java.lang.ExceptionInInitializerError">java.lang.ExceptionInInitializerError
	at MyTest.setup(MyTest.java:13)
Caused by: java.lang.IllegalStateException: Toolkit not initialized
	at MyTest.setup(MyTest.java:13)
</error>
  </testcase>
</testsuite>